[0521/234222.480:ERROR:process_memory_win.cc(73)] ReadMemory at 0x1dc695e0750 of 72 bytes failed: Only part of a ReadProcessMemory or WriteProcessMemory request was completed. (0x12B)
[0521/234222.496:WARNING:pe_image_annotations_reader.cc(134)] could not read annotations list object in C:\Program Files (x86)\Google\Chrome\Application\81.0.4044.138\chrome_elf.dll
[0521/234222.496:ERROR:process_memory_win.cc(73)] ReadMemory at 0x1dc69640000 of 64 bytes failed: Only part of a ReadProcessMemory or WriteProcessMemory request was completed. (0x12B)
[0521/234222.496:WARNING:pe_image_reader.cc(340)] could not read dos header from C:\Windows\System32\ADVAPI32.dll
[0521/234222.496:ERROR:process_memory_win.cc(73)] ReadMemory at 0x1dc69ab5be0 of 72 bytes failed: Only part of a ReadProcessMemory or WriteProcessMemory request was completed. (0x12B)
[0521/234222.496:WARNING:pe_image_annotations_reader.cc(134)] could not read annotations list object in C:\Program Files (x86)\Google\Chrome\Application\81.0.4044.138\chrome.dll
[0521/234222.496:ERROR:process_memory_win.cc(73)] ReadMemory at 0x1dc6b100000 of 64 bytes failed: Only part of a ReadProcessMemory or WriteProcessMemory request was completed. (0x12B)
[0521/234222.496:WARNING:pe_image_reader.cc(340)] could not read dos header from C:\Windows\System32\USER32.dll
[0521/234222.496:ERROR:process_memory_win.cc(73)] ReadMemory at 0x1dc695e0750 of 72 bytes failed: Only part of a ReadProcessMemory or WriteProcessMemory request was completed. (0x12B)
[0521/234222.496:WARNING:pe_image_annotations_reader.cc(134)] could not read annotations list object in C:\Program Files (x86)\Google\Chrome\Application\81.0.4044.138\chrome_elf.dll
[0521/234222.496:ERROR:process_memory_win.cc(73)] ReadMemory at 0x1dc69640000 of 64 bytes failed: Only part of a ReadProcessMemory or WriteProcessMemory request was completed. (0x12B)
[0521/234222.496:WARNING:pe_image_reader.cc(340)] could not read dos header from C:\Windows\System32\ADVAPI32.dll
[0521/234222.496:ERROR:process_memory_win.cc(73)] ReadMemory at 0x1dc69ab5be0 of 72 bytes failed: Only part of a ReadProcessMemory or WriteProcessMemory request was completed. (0x12B)
[0521/234222.496:WARNING:pe_image_annotations_reader.cc(134)] could not read annotations list object in C:\Program Files (x86)\Google\Chrome\Application\81.0.4044.138\chrome.dll
[0521/234222.496:ERROR:process_memory_win.cc(73)] ReadMemory at 0x1dc6b100000 of 64 bytes failed: Only part of a ReadProcessMemory or WriteProcessMemory request was completed. (0x12B)
[0521/234222.496:WARNING:pe_image_reader.cc(340)] could not read dos header from C:\Windows\System32\USER32.dll
[0521/234222.511:ERROR:process_memory_win.cc(73)] ReadMemory at 0x37901eb000 of 86016 bytes failed: Only part of a ReadProcessMemory or WriteProcessMemory request was completed. (0x12B)
[0521/234222.511:ERROR:process_memory_win.cc(73)] ReadMemory at 0x37909fd000 of 12288 bytes failed: Only part of a ReadProcessMemory or WriteProcessMemory request was completed. (0x12B)
[0521/234222.511:ERROR:process_memory_win.cc(73)] ReadMemory at 0x37911fc000 of 16384 bytes failed: Only part of a ReadProcessMemory or WriteProcessMemory request was completed. (0x12B)
[0521/234222.511:ERROR:process_memory_win.cc(73)] ReadMemory at 0x37919fc000 of 16384 bytes failed: Only part of a ReadProcessMemory or WriteProcessMemory request was completed. (0x12B)
[0521/234222.511:ERROR:process_memory_win.cc(73)] ReadMemory at 0x37921fc000 of 16384 bytes failed: Only part of a ReadProcessMemory or WriteProcessMemory request was completed. (0x12B)
[0521/234222.511:ERROR:process_memory_win.cc(73)] ReadMemory at 0x37929fe000 of 8192 bytes failed: Only part of a ReadProcessMemory or WriteProcessMemory request was completed. (0x12B)
[0521/234222.511:ERROR:process_memory_win.cc(73)] ReadMemory at 0x37931fd000 of 12288 bytes failed: Only part of a ReadProcessMemory or WriteProcessMemory request was completed. (0x12B)
[0521/234222.511:ERROR:process_memory_win.cc(73)] ReadMemory at 0x37939fb000 of 20480 bytes failed: Only part of a ReadProcessMemory or WriteProcessMemory request was completed. (0x12B)
[0521/234222.511:ERROR:process_memory_win.cc(73)] ReadMemory at 0x37941fb000 of 20480 bytes failed: Only part of a ReadProcessMemory or WriteProcessMemory request was completed. (0x12B)
[0521/234222.511:ERROR:process_memory_win.cc(73)] ReadMemory at 0x37949fd000 of 12288 bytes failed: Only part of a ReadProcessMemory or WriteProcessMemory request was completed. (0x12B)
[0521/234222.511:ERROR:process_memory_win.cc(73)] ReadMemory at 0x37951f5000 of 45056 bytes failed: Only part of a ReadProcessMemory or WriteProcessMemory request was completed. (0x12B)
[0521/234222.511:ERROR:process_memory_win.cc(73)] ReadMemory at 0x37959fd000 of 12288 bytes failed: Only part of a ReadProcessMemory or WriteProcessMemory request was completed. (0x12B)
[0521/234222.511:ERROR:process_memory_win.cc(73)] ReadMemory at 0x37961fd000 of 12288 bytes failed: Only part of a ReadProcessMemory or WriteProcessMemory request was completed. (0x12B)
[0521/234222.511:ERROR:process_memory_win.cc(73)] ReadMemory at 0x37969fd000 of 12288 bytes failed: Only part of a ReadProcessMemory or WriteProcessMemory request was completed. (0x12B)
[0521/234222.511:ERROR:process_memory_win.cc(73)] ReadMemory at 0x378f8d8000 of 852 bytes failed: Only part of a ReadProcessMemory or WriteProcessMemory request was completed. (0x12B)
[0521/234222.511:ERROR:process_memory_win.cc(73)] ReadMemory at 0x378f8d9000 of 6024 bytes failed: Only part of a ReadProcessMemory or WriteProcessMemory request was completed. (0x12B)
[0521/234222.511:ERROR:process_memory_win.cc(73)] ReadMemory at 0x378f8db000 of 6024 bytes failed: Only part of a ReadProcessMemory or WriteProcessMemory request was completed. (0x12B)
[0521/234222.511:ERROR:process_memory_win.cc(73)] ReadMemory at 0x378f8dd000 of 6024 bytes failed: Only part of a ReadProcessMemory or WriteProcessMemory request was completed. (0x12B)
[0521/234222.511:ERROR:process_memory_win.cc(73)] ReadMemory at 0x378f8df000 of 6024 bytes failed: Only part of a ReadProcessMemory or WriteProcessMemory request was completed. (0x12B)
[0521/234222.511:ERROR:process_memory_win.cc(73)] ReadMemory at 0x378f8e1000 of 6024 bytes failed: Only part of a ReadProcessMemory or WriteProcessMemory request was completed. (0x12B)
[0521/234222.511:ERROR:process_memory_win.cc(73)] ReadMemory at 0x378f8e3000 of 6024 bytes failed: Only part of a ReadProcessMemory or WriteProcessMemory request was completed. (0x12B)
[0521/234222.511:ERROR:process_memory_win.cc(73)] ReadMemory at 0x378f8e5000 of 6024 bytes failed: Only part of a ReadProcessMemory or WriteProcessMemory request was completed. (0x12B)
[0521/234222.511:ERROR:process_memory_win.cc(73)] ReadMemory at 0x378f8e7000 of 6024 bytes failed: Only part of a ReadProcessMemory or WriteProcessMemory request was completed. (0x12B)
[0521/234222.511:ERROR:process_memory_win.cc(73)] ReadMemory at 0x378f8e9000 of 6024 bytes failed: Only part of a ReadProcessMemory or WriteProcessMemory request was completed. (0x12B)
[0521/234222.511:ERROR:process_memory_win.cc(73)] ReadMemory at 0x378f8eb000 of 6024 bytes failed: Only part of a ReadProcessMemory or WriteProcessMemory request was completed. (0x12B)
[0521/234222.511:ERROR:process_memory_win.cc(73)] ReadMemory at 0x378f8ed000 of 6024 bytes failed: Only part of a ReadProcessMemory or WriteProcessMemory request was completed. (0x12B)
[0521/234222.511:ERROR:process_memory_win.cc(73)] ReadMemory at 0x378f8ef000 of 6024 bytes failed: Only part of a ReadProcessMemory or WriteProcessMemory request was completed. (0x12B)
[0521/234222.511:ERROR:process_memory_win.cc(73)] ReadMemory at 0x378f8f1000 of 6024 bytes failed: Only part of a ReadProcessMemory or WriteProcessMemory request was completed. (0x12B)
[0521/234222.511:ERROR:process_memory_win.cc(73)] ReadMemory at 0x378f8f3000 of 6024 bytes failed: Only part of a ReadProcessMemory or WriteProcessMemory request was completed. (0x12B)
[0521/234222.511:ERROR:process_memory_win.cc(73)] ReadMemory at 0x1dc69390750 of 80 bytes failed: Only part of a ReadProcessMemory or WriteProcessMemory request was completed. (0x12B)
[0521/234222.511:ERROR:process_memory_win.cc(73)] ReadMemory at 0x1dc69390fe0 of 5504 bytes failed: Only part of a ReadProcessMemory or WriteProcessMemory request was completed. (0x12B)
[0521/234222.511:ERROR:process_memory_win.cc(73)] ReadMemory at 0x1dc69392570 of 1012 bytes failed: Only part of a ReadProcessMemory or WriteProcessMemory request was completed. (0x12B)
[0521/234222.511:ERROR:process_memory_win.cc(73)] ReadMemory at 0x1dc69392bb8 of 118 bytes failed: Only part of a ReadProcessMemory or WriteProcessMemory request was completed. (0x12B)
[0521/234222.511:ERROR:process_memory_win.cc(73)] ReadMemory at 0x1dc69392c30 of 1260 bytes failed: Only part of a ReadProcessMemory or WriteProcessMemory request was completed. (0x12B)
[0521/234222.527:ERROR:process_memory_win.cc(73)] ReadMemory at 0x1dc6939311e of 118 bytes failed: Only part of a ReadProcessMemory or WriteProcessMemory request was completed. (0x12B)
[0521/234222.527:ERROR:process_memory_win.cc(73)] ReadMemory at 0x1dc69393196 of 92 bytes failed: Only part of a ReadProcessMemory or WriteProcessMemory request was completed. (0x12B)
[0521/234222.527:ERROR:process_memory_win.cc(73)] ReadMemory at 0x1dc69393200 of 58 bytes failed: Only part of a ReadProcessMemory or WriteProcessMemory request was completed. (0x12B)
[0521/234222.527:ERROR:process_memory_win.cc(73)] ReadMemory at 0x1dc69393300 of 132 bytes failed: Only part of a ReadProcessMemory or WriteProcessMemory request was completed. (0x12B)
[0521/234222.527:ERROR:process_memory_win.cc(73)] ReadMemory at 0x1dc69393490 of 132 bytes failed: Only part of a ReadProcessMemory or WriteProcessMemory request was completed. (0x12B)
[0521/234222.527:ERROR:process_memory_win.cc(73)] ReadMemory at 0x1dc69393650 of 126 bytes failed: Only part of a ReadProcessMemory or WriteProcessMemory request was completed. (0x12B)
[0521/234222.527:ERROR:process_memory_win.cc(73)] ReadMemory at 0x1dc69393a30 of 132 bytes failed: Only part of a ReadProcessMemory or WriteProcessMemory request was completed. (0x12B)
[0521/234222.527:ERROR:process_memory_win.cc(73)] ReadMemory at 0x1dc69393bc0 of 64 bytes failed: Only part of a ReadProcessMemory or WriteProcessMemory request was completed. (0x12B)
[0521/234222.527:ERROR:process_memory_win.cc(73)] ReadMemory at 0x1dc69393d80 of 132 bytes failed: Only part of a ReadProcessMemory or WriteProcessMemory request was completed. (0x12B)
[0521/234222.527:ERROR:process_memory_win.cc(73)] ReadMemory at 0x1dc69394020 of 132 bytes failed: Only part of a ReadProcessMemory or WriteProcessMemory request was completed. (0x12B)
[0521/234222.527:ERROR:process_memory_win.cc(73)] ReadMemory at 0x1dc693941b0 of 68 bytes failed: Only part of a ReadProcessMemory or WriteProcessMemory request was completed. (0x12B)
[0521/234222.527:ERROR:process_memory_win.cc(73)] ReadMemory at 0x1dc69395290 of 146 bytes failed: Only part of a ReadProcessMemory or WriteProcessMemory request was completed. (0x12B)
[0521/234222.527:ERROR:process_memory_win.cc(73)] ReadMemory at 0x1dc69395370 of 132 bytes failed: Only part of a ReadProcessMemory or WriteProcessMemory request was completed. (0x12B)
[0521/234222.527:ERROR:process_memory_win.cc(73)] ReadMemory at 0x1dc69395500 of 154 bytes failed: Only part of a ReadProcessMemory or WriteProcessMemory request was completed. (0x12B)
[0521/234222.527:ERROR:process_memory_win.cc(73)] ReadMemory at 0x1dc693962f0 of 62 bytes failed: Only part of a ReadProcessMemory or WriteProcessMemory request was completed. (0x12B)
[0521/234222.527:ERROR:process_memory_win.cc(73)] ReadMemory at 0x1dc693964e0 of 132 bytes failed: Only part of a ReadProcessMemory or WriteProcessMemory request was completed. (0x12B)
[0521/234222.527:ERROR:process_memory_win.cc(73)] ReadMemory at 0x1dc69396610 of 60 bytes failed: Only part of a ReadProcessMemory or WriteProcessMemory request was completed. (0x12B)
[0521/234222.527:ERROR:process_memory_win.cc(73)] ReadMemory at 0x1dc6939730c of 512 bytes failed: Only part of a ReadProcessMemory or WriteProcessMemory request was completed. (0x12B)
[0521/234222.527:ERROR:process_memory_win.cc(73)] ReadMemory at 0x1dc69398860 of 132 bytes failed: Only part of a ReadProcessMemory or WriteProcessMemory request was completed. (0x12B)
[0521/234222.527:ERROR:process_memory_win.cc(73)] ReadMemory at 0x1dc69398c30 of 132 bytes failed: Only part of a ReadProcessMemory or WriteProcessMemory request was completed. (0x12B)
[0521/234222.527:ERROR:process_memory_win.cc(73)] ReadMemory at 0x1dc6939bc70 of 64 bytes failed: Only part of a ReadProcessMemory or WriteProcessMemory request was completed. (0x12B)
[0521/234222.527:ERROR:process_memory_win.cc(73)] ReadMemory at 0x1dc6939bcc0 of 66 bytes failed: Only part of a ReadProcessMemory or WriteProcessMemory request was completed. (0x12B)
[0521/234222.527:ERROR:process_memory_win.cc(73)] ReadMemory at 0x1dc6939bd10 of 64 bytes failed: Only part of a ReadProcessMemory or WriteProcessMemory request was completed. (0x12B)
[0521/234222.527:ERROR:process_memory_win.cc(73)] ReadMemory at 0x1dc6939be00 of 60 bytes failed: Only part of a ReadProcessMemory or WriteProcessMemory request was completed. (0x12B)
[0521/234222.527:ERROR:process_memory_win.cc(73)] ReadMemory at 0x1dc6939be50 of 62 bytes failed: Only part of a ReadProcessMemory or WriteProcessMemory request was completed. (0x12B)
[0521/234222.527:ERROR:process_memory_win.cc(73)] ReadMemory at 0x1dc6939bea0 of 64 bytes failed: Only part of a ReadProcessMemory or WriteProcessMemory request was completed. (0x12B)
[0521/234222.527:ERROR:process_memory_win.cc(73)] ReadMemory at 0x1dc6939bfe0 of 64 bytes failed: Only part of a ReadProcessMemory or WriteProcessMemory request was completed. (0x12B)
[0521/234222.527:ERROR:process_memory_win.cc(73)] ReadMemory at 0x1dc6939c0d0 of 62 bytes failed: Only part of a ReadProcessMemory or WriteProcessMemory request was completed. (0x12B)
[0521/234222.527:ERROR:process_memory_win.cc(73)] ReadMemory at 0x1dc6939c1c0 of 60 bytes failed: Only part of a ReadProcessMemory or WriteProcessMemory request was completed. (0x12B)
[0521/234222.527:ERROR:process_memory_win.cc(73)] ReadMemory at 0x1dc6939c8c0 of 54 bytes failed: Only part of a ReadProcessMemory or WriteProcessMemory request was completed. (0x12B)
[0521/234222.527:ERROR:process_memory_win.cc(73)] ReadMemory at 0x1dc6939d300 of 132 bytes failed: Only part of a ReadProcessMemory or WriteProcessMemory request was completed. (0x12B)
[0521/234222.527:ERROR:process_memory_win.cc(73)] ReadMemory at 0x1dc6939d520 of 132 bytes failed: Only part of a ReadProcessMemory or WriteProcessMemory request was completed. (0x12B)
[0521/234222.527:ERROR:process_memory_win.cc(73)] ReadMemory at 0x1dc6939d740 of 132 bytes failed: Only part of a ReadProcessMemory or WriteProcessMemory request was completed. (0x12B)
[0521/234222.527:ERROR:process_memory_win.cc(73)] ReadMemory at 0x1dc6939daa0 of 132 bytes failed: Only part of a ReadProcessMemory or WriteProcessMemory request was completed. (0x12B)
[0521/234222.527:ERROR:process_memory_win.cc(73)] ReadMemory at 0x1dc6939e4c0 of 132 bytes failed: Only part of a ReadProcessMemory or WriteProcessMemory request was completed. (0x12B)
[0521/234222.527:ERROR:process_memory_win.cc(73)] ReadMemory at 0x1dc6939f980 of 132 bytes failed: Only part of a ReadProcessMemory or WriteProcessMemory request was completed. (0x12B)
[0521/234222.527:ERROR:process_memory_win.cc(73)] ReadMemory at 0x1dc693a0970 of 132 bytes failed: Only part of a ReadProcessMemory or WriteProcessMemory request was completed. (0x12B)
[0521/234222.527:ERROR:process_memory_win.cc(73)] ReadMemory at 0x1dc693a3e60 of 132 bytes failed: Only part of a ReadProcessMemory or WriteProcessMemory request was completed. (0x12B)
[0521/234222.527:ERROR:process_memory_win.cc(73)] ReadMemory at 0x1dc693a4020 of 132 bytes failed: Only part of a ReadProcessMemory or WriteProcessMemory request was completed. (0x12B)
[0521/234222.527:ERROR:process_memory_win.cc(73)] ReadMemory at 0x1dc693a4150 of 132 bytes failed: Only part of a ReadProcessMemory or WriteProcessMemory request was completed. (0x12B)
[0521/234222.527:ERROR:process_memory_win.cc(73)] ReadMemory at 0x1dc693a4280 of 132 bytes failed: Only part of a ReadProcessMemory or WriteProcessMemory request was completed. (0x12B)
[0521/234222.527:ERROR:process_memory_win.cc(73)] ReadMemory at 0x1dc693a43b0 of 132 bytes failed: Only part of a ReadProcessMemory or WriteProcessMemory request was completed. (0x12B)
[0521/234222.527:ERROR:process_memory_win.cc(73)] ReadMemory at 0x1dc693a44e0 of 132 bytes failed: Only part of a ReadProcessMemory or WriteProcessMemory request was completed. (0x12B)
[0521/234222.527:ERROR:process_memory_win.cc(73)] ReadMemory at 0x1dc693a4610 of 132 bytes failed: Only part of a ReadProcessMemory or WriteProcessMemory request was completed. (0x12B)
[0521/234222.527:ERROR:process_memory_win.cc(73)] ReadMemory at 0x1dc693a4740 of 132 bytes failed: Only part of a ReadProcessMemory or WriteProcessMemory request was completed. (0x12B)
[0521/234222.527:ERROR:process_memory_win.cc(73)] ReadMemory at 0x1dc693a4870 of 132 bytes failed: Only part of a ReadProcessMemory or WriteProcessMemory request was completed. (0x12B)
[0521/234222.527:ERROR:process_memory_win.cc(73)] ReadMemory at 0x1dc693a49a0 of 132 bytes failed: Only part of a ReadProcessMemory or WriteProcessMemory request was completed. (0x12B)
[0521/234222.527:ERROR:process_memory_win.cc(73)] ReadMemory at 0x1dc693a4c00 of 132 bytes failed: Only part of a ReadProcessMemory or WriteProcessMemory request was completed. (0x12B)
[0521/234222.527:ERROR:process_memory_win.cc(73)] ReadMemory at 0x1dc693a4d30 of 132 bytes failed: Only part of a ReadProcessMemory or WriteProcessMemory request was completed. (0x12B)
[0521/234222.527:ERROR:process_memory_win.cc(73)] ReadMemory at 0x1dc693a4e60 of 132 bytes failed: Only part of a ReadProcessMemory or WriteProcessMemory request was completed. (0x12B)
[0521/234222.527:ERROR:process_memory_win.cc(73)] ReadMemory at 0x1dc693a5030 of 76 bytes failed: Only part of a ReadProcessMemory or WriteProcessMemory request was completed. (0x12B)
[0521/234222.527:ERROR:process_memory_win.cc(73)] ReadMemory at 0x1dc693a5330 of 80 bytes failed: Only part of a ReadProcessMemory or WriteProcessMemory request was completed. (0x12B)
[0521/234222.527:ERROR:process_memory_win.cc(73)] ReadMemory at 0x1dc693a58d0 of 78 bytes failed: Only part of a ReadProcessMemory or WriteProcessMemory request was completed. (0x12B)
[0521/234222.527:ERROR:process_memory_win.cc(73)] ReadMemory at 0x1dc693a62c0 of 60 bytes failed: Only part of a ReadProcessMemory or WriteProcessMemory request was completed. (0x12B)
[0521/234222.527:ERROR:process_memory_win.cc(73)] ReadMemory at 0x1dc693a6310 of 64 bytes failed: Only part of a ReadProcessMemory or WriteProcessMemory request was completed. (0x12B)
[0521/234222.527:ERROR:process_memory_win.cc(73)] ReadMemory at 0x1dc693a6360 of 64 bytes failed: Only part of a ReadProcessMemory or WriteProcessMemory request was completed. (0x12B)
[0521/234222.527:ERROR:process_memory_win.cc(73)] ReadMemory at 0x1dc693a6400 of 62 bytes failed: Only part of a ReadProcessMemory or WriteProcessMemory request was completed. (0x12B)
[0521/234222.527:ERROR:process_memory_win.cc(73)] ReadMemory at 0x1dc693a64a0 of 62 bytes failed: Only part of a ReadProcessMemory or WriteProcessMemory request was completed. (0x12B)
[0521/234222.527:ERROR:process_memory_win.cc(73)] ReadMemory at 0x1dc693a6590 of 58 bytes failed: Only part of a ReadProcessMemory or WriteProcessMemory request was completed. (0x12B)
[0521/234222.527:ERROR:process_memory_win.cc(73)] ReadMemory at 0x1dc693a65e0 of 64 bytes failed: Only part of a ReadProcessMemory or WriteProcessMemory request was completed. (0x12B)
[0521/234222.527:ERROR:process_memory_win.cc(73)] ReadMemory at 0x1dc693a6630 of 62 bytes failed: Only part of a ReadProcessMemory or WriteProcessMemory request was completed. (0x12B)
[0521/234222.527:ERROR:process_memory_win.cc(73)] ReadMemory at 0x1dc693a66d0 of 62 bytes failed: Only part of a ReadProcessMemory or WriteProcessMemory request was completed. (0x12B)
[0521/234222.527:ERROR:process_memory_win.cc(73)] ReadMemory at 0x1dc693a6770 of 66 bytes failed: Only part of a ReadProcessMemory or WriteProcessMemory request was completed. (0x12B)
[0521/234222.527:ERROR:process_memory_win.cc(73)] ReadMemory at 0x1dc693a6860 of 62 bytes failed: Only part of a ReadProcessMemory or WriteProcessMemory request was completed. (0x12B)
[0521/234222.527:ERROR:process_memory_win.cc(73)] ReadMemory at 0x1dc693a6900 of 60 bytes failed: Only part of a ReadProcessMemory or WriteProcessMemory request was completed. (0x12B)
[0521/234222.527:ERROR:process_memory_win.cc(73)] ReadMemory at 0x1dc693a69a0 of 62 bytes failed: Only part of a ReadProcessMemory or WriteProcessMemory request was completed. (0x12B)
[0521/234222.527:ERROR:process_memory_win.cc(73)] ReadMemory at 0x1dc693a6b30 of 62 bytes failed: Only part of a ReadProcessMemory or WriteProcessMemory request was completed. (0x12B)
[0521/234222.527:ERROR:process_memory_win.cc(73)] ReadMemory at 0x1dc693a6b80 of 64 bytes failed: Only part of a ReadProcessMemory or WriteProcessMemory request was completed. (0x12B)
[0521/234222.527:ERROR:process_memory_win.cc(73)] ReadMemory at 0x1dc693a6c70 of 60 bytes failed: Only part of a ReadProcessMemory or WriteProcessMemory request was completed. (0x12B)
[0521/234222.527:ERROR:process_memory_win.cc(73)] ReadMemory at 0x1dc693a6cc0 of 60 bytes failed: Only part of a ReadProcessMemory or WriteProcessMemory request was completed. (0x12B)
[0521/234222.527:ERROR:process_memory_win.cc(73)] ReadMemory at 0x1dc693a6ef0 of 62 bytes failed: Only part of a ReadProcessMemory or WriteProcessMemory request was completed. (0x12B)
[0521/234222.527:ERROR:process_memory_win.cc(73)] ReadMemory at 0x1dc693a74d0 of 132 bytes failed: Only part of a ReadProcessMemory or WriteProcessMemory request was completed. (0x12B)
[0521/234222.527:ERROR:process_memory_win.cc(73)] ReadMemory at 0x1dc693a7600 of 132 bytes failed: Only part of a ReadProcessMemory or WriteProcessMemory request was completed. (0x12B)
[0521/234222.527:ERROR:process_memory_win.cc(73)] ReadMemory at 0x1dc693a7730 of 132 bytes failed: Only part of a ReadProcessMemory or WriteProcessMemory request was completed. (0x12B)
[0521/234222.527:ERROR:process_memory_win.cc(73)] ReadMemory at 0x1dc693a7860 of 132 bytes failed: Only part of a ReadProcessMemory or WriteProcessMemory request was completed. (0x12B)
[0521/234222.527:ERROR:process_memory_win.cc(73)] ReadMemory at 0x1dc693a7d20 of 132 bytes failed: Only part of a ReadProcessMemory or WriteProcessMemory request was completed. (0x12B)
[0521/234222.527:ERROR:process_memory_win.cc(73)] ReadMemory at 0x1dc693a7e50 of 132 bytes failed: Only part of a ReadProcessMemory or WriteProcessMemory request was completed. (0x12B)
[0521/234222.527:ERROR:process_memory_win.cc(73)] ReadMemory at 0x1dc693a7f80 of 132 bytes failed: Only part of a ReadProcessMemory or WriteProcessMemory request was completed. (0x12B)
[0521/234222.527:ERROR:process_memory_win.cc(73)] ReadMemory at 0x1dc693a80b0 of 132 bytes failed: Only part of a ReadProcessMemory or WriteProcessMemory request was completed. (0x12B)
[0521/234222.527:ERROR:process_memory_win.cc(73)] ReadMemory at 0x1dc693a81e0 of 132 bytes failed: Only part of a ReadProcessMemory or WriteProcessMemory request was completed. (0x12B)
[0521/234222.543:ERROR:process_memory_win.cc(73)] ReadMemory at 0x1dc693a8310 of 132 bytes failed: Only part of a ReadProcessMemory or WriteProcessMemory request was completed. (0x12B)
[0521/234222.543:ERROR:process_memory_win.cc(73)] ReadMemory at 0x1dc693a8440 of 132 bytes failed: Only part of a ReadProcessMemory or WriteProcessMemory request was completed. (0x12B)
[0521/234222.543:ERROR:process_memory_win.cc(73)] ReadMemory at 0x1dc693a8570 of 132 bytes failed: Only part of a ReadProcessMemory or WriteProcessMemory request was completed. (0x12B)
[0521/234222.543:ERROR:process_memory_win.cc(73)] ReadMemory at 0x1dc693a86a0 of 132 bytes failed: Only part of a ReadProcessMemory or WriteProcessMemory request was completed. (0x12B)
[0521/234222.543:ERROR:process_memory_win.cc(73)] ReadMemory at 0x1dc693a87d0 of 132 bytes failed: Only part of a ReadProcessMemory or WriteProcessMemory request was completed. (0x12B)
[0521/234222.543:ERROR:process_memory_win.cc(73)] ReadMemory at 0x1dc693a8900 of 132 bytes failed: Only part of a ReadProcessMemory or WriteProcessMemory request was completed. (0x12B)
[0521/234222.543:ERROR:process_memory_win.cc(73)] ReadMemory at 0x1dc693a8a30 of 132 bytes failed: Only part of a ReadProcessMemory or WriteProcessMemory request was completed. (0x12B)
[0521/234222.543:ERROR:process_memory_win.cc(73)] ReadMemory at 0x1dc693a8c90 of 132 bytes failed: Only part of a ReadProcessMemory or WriteProcessMemory request was completed. (0x12B)
[0521/234222.543:ERROR:process_memory_win.cc(73)] ReadMemory at 0x1dc693a8dc0 of 132 bytes failed: Only part of a ReadProcessMemory or WriteProcessMemory request was completed. (0x12B)
[0521/234222.543:ERROR:process_memory_win.cc(73)] ReadMemory at 0x1dc693a8ef0 of 132 bytes failed: Only part of a ReadProcessMemory or WriteProcessMemory request was completed. (0x12B)
[0521/234222.543:ERROR:process_memory_win.cc(73)] ReadMemory at 0x1dc693a9020 of 132 bytes failed: Only part of a ReadProcessMemory or WriteProcessMemory request was completed. (0x12B)
[0521/234222.543:ERROR:process_memory_win.cc(73)] ReadMemory at 0x1dc693a9280 of 132 bytes failed: Only part of a ReadProcessMemory or WriteProcessMemory request was completed. (0x12B)
[0521/234222.543:ERROR:process_memory_win.cc(73)] ReadMemory at 0x1dc693bb440 of 66 bytes failed: Only part of a ReadProcessMemory or WriteProcessMemory request was completed. (0x12B)
[0521/234222.543:ERROR:process_memory_win.cc(73)] ReadMemory at 0x1dc693bb490 of 60 bytes failed: Only part of a ReadProcessMemory or WriteProcessMemory request was completed. (0x12B)
[0521/234222.543:ERROR:process_memory_win.cc(73)] ReadMemory at 0x1dc693bb5d0 of 62 bytes failed: Only part of a ReadProcessMemory or WriteProcessMemory request was completed. (0x12B)
[0521/234222.543:ERROR:process_memory_win.cc(73)] ReadMemory at 0x1dc693bb670 of 64 bytes failed: Only part of a ReadProcessMemory or WriteProcessMemory request was completed. (0x12B)
[0521/234222.543:ERROR:process_memory_win.cc(73)] ReadMemory at 0x1dc693bb800 of 58 bytes failed: Only part of a ReadProcessMemory or WriteProcessMemory request was completed. (0x12B)
[0521/234222.543:ERROR:process_memory_win.cc(73)] ReadMemory at 0x1dc693bba30 of 58 bytes failed: Only part of a ReadProcessMemory or WriteProcessMemory request was completed. (0x12B)
[0521/234222.543:ERROR:process_memory_win.cc(73)] ReadMemory at 0x1dc693bba80 of 60 bytes failed: Only part of a ReadProcessMemory or WriteProcessMemory request was completed. (0x12B)
[0521/234222.543:ERROR:process_memory_win.cc(73)] ReadMemory at 0x1dc693bbb70 of 62 bytes failed: Only part of a ReadProcessMemory or WriteProcessMemory request was completed. (0x12B)
[0521/234222.543:ERROR:process_memory_win.cc(73)] ReadMemory at 0x1dc693bbc10 of 58 bytes failed: Only part of a ReadProcessMemory or WriteProcessMemory request was completed. (0x12B)
[0521/234222.543:ERROR:process_memory_win.cc(73)] ReadMemory at 0x1dc693bbfd0 of 62 bytes failed: Only part of a ReadProcessMemory or WriteProcessMemory request was completed. (0x12B)
[0521/234222.543:ERROR:process_memory_win.cc(73)] ReadMemory at 0x1dc693c59c0 of 512 bytes failed: Only part of a ReadProcessMemory or WriteProcessMemory request was completed. (0x12B)
[0521/234222.543:ERROR:process_memory_win.cc(73)] ReadMemory at 0x1dc693ceb90 of 512 bytes failed: Only part of a ReadProcessMemory or WriteProcessMemory request was completed. (0x12B)
[0521/234222.543:ERROR:process_memory_win.cc(73)] ReadMemory at 0x1dc69581540 of 512 bytes failed: Only part of a ReadProcessMemory or WriteProcessMemory request was completed. (0x12B)
[0521/234222.543:ERROR:process_memory_win.cc(73)] ReadMemory at 0x1dc697148e0 of 512 bytes failed: Only part of a ReadProcessMemory or WriteProcessMemory request was completed. (0x12B)
[0521/234222.543:ERROR:process_memory_win.cc(73)] ReadMemory at 0x1dc69ad5130 of 512 bytes failed: Only part of a ReadProcessMemory or WriteProcessMemory request was completed. (0x12B)
[0521/234222.543:ERROR:process_memory_win.cc(73)] ReadMemory at 0x1dc69ad58b0 of 512 bytes failed: Only part of a ReadProcessMemory or WriteProcessMemory request was completed. (0x12B)
[0521/234222.543:ERROR:process_memory_win.cc(73)] ReadMemory at 0x1dc69aed420 of 512 bytes failed: Only part of a ReadProcessMemory or WriteProcessMemory request was completed. (0x12B)
[0521/234222.543:ERROR:process_memory_win.cc(73)] ReadMemory at 0x1dc69aefe20 of 712 bytes failed: Only part of a ReadProcessMemory or WriteProcessMemory request was completed. (0x12B)
[0521/234222.543:ERROR:process_memory_win.cc(73)] ReadMemory at 0x1dc6b5b4700 of 512 bytes failed: Only part of a ReadProcessMemory or WriteProcessMemory request was completed. (0x12B)
[0521/234222.543:ERROR:process_memory_win.cc(73)] ReadMemory at 0x1dc6b5c7103 of 512 bytes failed: Only part of a ReadProcessMemory or WriteProcessMemory request was completed. (0x12B)
[0521/234222.543:ERROR:process_memory_win.cc(73)] ReadMemory at 0x1dc6b5d01c0 of 512 bytes failed: Only part of a ReadProcessMemory or WriteProcessMemory request was completed. (0x12B)
[0521/234222.543:ERROR:process_memory_win.cc(73)] ReadMemory at 0x2f44f20b9520 of 1004 bytes failed: Only part of a ReadProcessMemory or WriteProcessMemory request was completed. (0x12B)
[0521/234222.543:ERROR:process_memory_win.cc(73)] ReadMemory at 0x43c25d382100 of 512 bytes failed: Only part of a ReadProcessMemory or WriteProcessMemory request was completed. (0x12B)
[0521/234222.543:ERROR:process_memory_win.cc(73)] ReadMemory at 0x5ac9bb755140 of 512 bytes failed: Only part of a ReadProcessMemory or WriteProcessMemory request was completed. (0x12B)
[0521/234222.543:ERROR:process_memory_win.cc(73)] ReadMemory at 0x5e3ac3b05380 of 512 bytes failed: Only part of a ReadProcessMemory or WriteProcessMemory request was completed. (0x12B)
[0521/234222.543:ERROR:process_memory_win.cc(73)] ReadMemory at 0x70af7783cee8 of 512 bytes failed: Only part of a ReadProcessMemory or WriteProcessMemory request was completed. (0x12B)
[0521/234222.543:ERROR:process_memory_win.cc(73)] ReadMemory at 0x7ffe0b420000 of 384 bytes failed: Only part of a ReadProcessMemory or WriteProcessMemory request was completed. (0x12B)
[0521/234222.543:ERROR:process_memory_win.cc(73)] ReadMemory at 0x7ffe0dad971c of 512 bytes failed: Only part of a ReadProcessMemory or WriteProcessMemory request was completed. (0x12B)
[0521/234222.543:ERROR:process_memory_win.cc(73)] ReadMemory at 0x7ffe0e903d14 of 512 bytes failed: Only part of a ReadProcessMemory or WriteProcessMemory request was completed. (0x12B)
[0521/234222.543:ERROR:process_memory_win.cc(73)] ReadMemory at 0x7ffe121d37c4 of 512 bytes failed: Only part of a ReadProcessMemory or WriteProcessMemory request was completed. (0x12B)
[0521/234222.543:ERROR:process_memory_win.cc(73)] ReadMemory at 0x7ffe12995c88 of 512 bytes failed: Only part of a ReadProcessMemory or WriteProcessMemory request was completed. (0x12B)
[0521/234222.543:ERROR:process_memory_win.cc(73)] ReadMemory at 0x7ffe3ee8a719 of 512 bytes failed: Only part of a ReadProcessMemory or WriteProcessMemory request was completed. (0x12B)
[0521/234222.543:ERROR:process_memory_win.cc(73)] ReadMemory at 0x7ffe3f0bc6e0 of 512 bytes failed: Only part of a ReadProcessMemory or WriteProcessMemory request was completed. (0x12B)
[0521/234222.543:ERROR:process_memory_win.cc(73)] ReadMemory at 0x7ffe4161c074 of 672 bytes failed: Only part of a ReadProcessMemory or WriteProcessMemory request was completed. (0x12B)
[0521/234222.543:ERROR:process_memory_win.cc(73)] ReadMemory at 0x7ffe4161c674 of 512 bytes failed: Only part of a ReadProcessMemory or WriteProcessMemory request was completed. (0x12B)
[0521/234222.543:ERROR:process_memory_win.cc(73)] ReadMemory at 0x7ffe4161f924 of 608 bytes failed: Only part of a ReadProcessMemory or WriteProcessMemory request was completed. (0x12B)
[0521/234222.543:ERROR:process_memory_win.cc(73)] ReadMemory at 0x7ffe416ac428 of 18 bytes failed: Only part of a ReadProcessMemory or WriteProcessMemory request was completed. (0x12B)
[0521/234222.543:ERROR:process_memory_win.cc(73)] ReadMemory at 0x7ffe416df4f8 of 40 bytes failed: Only part of a ReadProcessMemory or WriteProcessMemory request was completed. (0x12B)
[0521/234222.543:ERROR:process_memory_win.cc(73)] ReadMemory at 0x7ffe416df978 of 48 bytes failed: Only part of a ReadProcessMemory or WriteProcessMemory request was completed. (0x12B)
[0521/234222.543:ERROR:process_memory_win.cc(73)] ReadMemory at 0x7ffe416e53c0 of 64 bytes failed: Only part of a ReadProcessMemory or WriteProcessMemory request was completed. (0x12B)
[0521/234222.558:ERROR:scoped_process_suspend.cc(40)] NtResumeProcess: An attempt was made to access an exiting process. (0xc000010a)
